<?xml version="1.0" encoding="utf-8"?><testsuites name="pytest tests"><testsuite name="pytest" errors="0" failures="0" skipped="0" tests="21" time="3.417" timestamp="2026-06-26T09:14:57.974169+00:00" hostname="agent-env-94411858-bb99-4cca-9aba-378b826b4b36"><testcase classname="tests.test_phase2.TestAdmin" name="test_admin_jobs_lists_completed" time="0.690" /><testcase classname="tests.test_phase2.TestBossBattle" name="test_boss_returns_shape" time="1.121" /><testcase classname="tests.test_phase2.TestAdmin" name="test_admin_pdf_list" time="0.103" /><testcase classname="tests.test_phase2.TestAdmin" name="test_non_admin_forbidden_jobs" time="0.431" /><testcase classname="tests.test_phase2.TestBossBattle" name="test_boss_locked_when_incomplete" time="0.215" /><testcase classname="tests.test_phase2.TestAdmin" name="test_non_admin_forbidden_pdfs" time="0.096" /><testcase classname="tests.test_phase2.TestAdmin" name="test_unauth_admin_blocked" time="0.107" /><testcase classname="tests.test_phase2.TestBossBattle" name="test_boss_submit_passing_awards_xp" time="0.473" /><testcase classname="tests.test_phase2.TestRevisions" name="test_due_returns_list_shape" time="0.099" /><testcase classname="tests.test_phase2.TestRevisions" name="test_grade_good_increases_interval_and_xp" time="0.694" /><testcase classname="tests.test_phase2.TestBossBattle" name="test_boss_submit_failing_low_xp" time="0.208" /><testcase classname="tests.test_phase2.TestBossBattle" name="test_boss_invalid_chapter_404" time="0.146" /><testcase classname="tests.test_phase2.TestPhase1Regression" name="test_health" time="0.140" /><testcase classname="tests.test_phase2.TestRevisions" name="test_grade_again_resets_to_1_day" time="0.285" /><testcase classname="tests.test_phase2.TestPhase1Regression" name="test_login_and_me" time="0.136" /><testcase classname="tests.test_phase2.TestPhase1Regression" name="test_leaderboard" time="0.143" /><testcase classname="tests.test_phase2.TestRevisions" name="test_grade_unknown_concept_404" time="0.144" /><testcase classname="tests.test_phase2.TestPhase1Regression" name="test_my_stats" time="0.098" /><testcase classname="tests.test_phase2.TestCourses" name="test_list_courses_includes_ai" time="0.097" /><testcase classname="tests.test_phase2.TestCourses" name="test_course_full_requires_auth" time="0.098" /><testcase classname="tests.test_phase2.TestCourses" name="test_course_full_returns_nested" time="0.105" /></testsuite></testsuites>