<?xml version="1.0" encoding="utf-8"?><testsuites name="pytest tests"><testsuite name="pytest" errors="0" failures="1" skipped="0" tests="12" time="3.648" timestamp="2026-06-26T09:43:39.733239+00:00" hostname="agent-env-94411858-bb99-4cca-9aba-378b826b4b36"><testcase classname="tests.test_phase25.TestPasswordReset" name="test_forgot_existing_user_returns_dev_reset_url" time="0.457" /><testcase classname="tests.test_phase25.TestRegression" name="test_login_demo_works" time="0.454" /><testcase classname="tests.test_phase25.TestPasswordReset" name="test_forgot_unknown_email_returns_200_no_url" time="0.105" /><testcase classname="tests.test_phase25.TestRegression" name="test_auth_me" time="0.151" /><testcase classname="tests.test_phase25.TestPasswordReset" name="test_reset_with_invalid_token_returns_400" time="0.099" /><testcase classname="tests.test_phase25.TestRegression" name="test_courses_list" time="0.770" /><testcase classname="tests.test_phase25.TestPasswordReset" name="test_full_cycle_reset_then_login_then_restore" time="2.250" /><testcase classname="tests.test_phase25.TestRegression" name="test_stats_me" time="0.180" /><testcase classname="tests.test_phase25.TestRegression" name="test_admin_jobs" time="1.460" /><testcase classname="tests.test_phase25.TestGoogleSession" name="test_invalid_session_id_returns_401" time="0.211" /><testcase classname="tests.test_phase25.TestRegression" name="test_revisions_due" time="0.092" /><testcase classname="tests.test_phase25.TestRegression" name="test_boss_battle_endpoint" time="0.205"><failure message="AssertionError: assert 'locked' in {'chapter': {'id': '615f861b-2277-4f51-927b-35cdf828f7b6', 'course_id': '36fa5852-7597-46e1-8f55-5054486721b3', 'order': 1, 'title': 'Introduction to Investing', ...}, 'unlocked': False, 'concepts_total': 7, 'concepts_done': 1, ...}">backend/tests/test_phase25.py:181: in test_boss_battle_endpoint
    assert "locked" in body
E   AssertionError: assert 'locked' in {'chapter': {'id': '615f861b-2277-4f51-927b-35cdf828f7b6', 'course_id': '36fa5852-7597-46e1-8f55-5054486721b3', 'order': 1, 'title': 'Introduction to Investing', ...}, 'unlocked': False, 'concepts_total': 7, 'concepts_done': 1, ...}</failure></testcase></testsuite></testsuites>